{"C:\\Users\\gydal\\OneDrive\\Dokumenter\\social-media-client\\src\\js\\api\\constants.js": {"path":"C:\\Users\\gydal\\OneDrive\\Dokumenter\\social-media-client\\src\\js\\api\\constants.js","statementMap":{"0":{"start":{"line":1,"column":22},"end":{"line":1,"column":67}},"1":{"start":{"line":2,"column":23},"end":{"line":2,"column":40}}},"fnMap":{},"branchMap":{},"s":{"0":1,"1":1},"f":{},"b":{},"_coverageSchema":"1a1c01bbd47fc00a2c39e90264f33305004495a9","hash":"d5a20177e5cbd8c108e43c7c1a696beb3c82ddf3"}
,"C:\\Users\\gydal\\OneDrive\\Dokumenter\\social-media-client\\src\\js\\api\\auth\\login.js": {"path":"C:\\Users\\gydal\\OneDrive\\Dokumenter\\social-media-client\\src\\js\\api\\auth\\login.js","statementMap":{"0":{"start":{"line":6,"column":19},"end":{"line":10,"column":4}},"1":{"start":{"line":12,"column":2},"end":{"line":18,"column":3}},"2":{"start":{"line":13,"column":20},"end":{"line":13,"column":41}},"3":{"start":{"line":14,"column":4},"end":{"line":14,"column":39}},"4":{"start":{"line":15,"column":4},"end":{"line":15,"column":31}},"5":{"start":{"line":16,"column":4},"end":{"line":16,"column":29}},"6":{"start":{"line":17,"column":4},"end":{"line":17,"column":19}},"7":{"start":{"line":20,"column":2},"end":{"line":20,"column":39}}},"fnMap":{"0":{"name":"login","decl":{"start":{"line":5,"column":22},"end":{"line":5,"column":27}},"loc":{"start":{"line":5,"column":45},"end":{"line":21,"column":1}},"line":5}},"branchMap":{"0":{"loc":{"start":{"line":12,"column":2},"end":{"line":18,"column":3}},"type":"if","locations":[{"start":{"line":12,"column":2},"end":{"line":18,"column":3}},{"start":{},"end":{}}],"line":12}},"s":{"0":2,"1":2,"2":1,"3":1,"4":1,"5":1,"6":1,"7":1},"f":{"0":2},"b":{"0":[1,1]},"_coverageSchema":"1a1c01bbd47fc00a2c39e90264f33305004495a9","hash":"43e33f171e04f92ef7bc338787088a329a22fafa"}
,"C:\\Users\\gydal\\OneDrive\\Dokumenter\\social-media-client\\src\\js\\api\\auth\\logout.js": {"path":"C:\\Users\\gydal\\OneDrive\\Dokumenter\\social-media-client\\src\\js\\api\\auth\\logout.js","statementMap":{"0":{"start":{"line":4,"column":2},"end":{"line":4,"column":18}},"1":{"start":{"line":5,"column":2},"end":{"line":5,"column":20}}},"fnMap":{"0":{"name":"logout","decl":{"start":{"line":3,"column":16},"end":{"line":3,"column":22}},"loc":{"start":{"line":3,"column":25},"end":{"line":6,"column":1}},"line":3}},"branchMap":{},"s":{"0":1,"1":1},"f":{"0":1},"b":{},"_coverageSchema":"1a1c01bbd47fc00a2c39e90264f33305004495a9","hash":"2ea9ed8764ec14bf71f887eac693c11316ae9e4b"}
,"C:\\Users\\gydal\\OneDrive\\Dokumenter\\social-media-client\\src\\js\\storage\\index.js": {"path":"C:\\Users\\gydal\\OneDrive\\Dokumenter\\social-media-client\\src\\js\\storage\\index.js","statementMap":{},"fnMap":{},"branchMap":{},"s":{},"f":{},"b":{},"_coverageSchema":"1a1c01bbd47fc00a2c39e90264f33305004495a9","hash":"46ec7efc41e529d60b1ce1c3bfd1700b7776908f"}
,"C:\\Users\\gydal\\OneDrive\\Dokumenter\\social-media-client\\src\\js\\storage\\load.js": {"path":"C:\\Users\\gydal\\OneDrive\\Dokumenter\\social-media-client\\src\\js\\storage\\load.js","statementMap":{"0":{"start":{"line":1,"column":20},"end":{"line":7,"column":1}},"1":{"start":{"line":2,"column":2},"end":{"line":6,"column":3}},"2":{"start":{"line":3,"column":4},"end":{"line":3,"column":49}},"3":{"start":{"line":5,"column":4},"end":{"line":5,"column":16}}},"fnMap":{"0":{"name":"(anonymous_0)","decl":{"start":{"line":1,"column":20},"end":{"line":1,"column":21}},"loc":{"start":{"line":1,"column":29},"end":{"line":7,"column":1}},"line":1}},"branchMap":{},"s":{"0":2,"1":0,"2":0,"3":0},"f":{"0":0},"b":{},"_coverageSchema":"1a1c01bbd47fc00a2c39e90264f33305004495a9","hash":"2e45f4519894bfb74211a0e2ed21968c671bed8c"}
,"C:\\Users\\gydal\\OneDrive\\Dokumenter\\social-media-client\\src\\js\\storage\\remove.js": {"path":"C:\\Users\\gydal\\OneDrive\\Dokumenter\\social-media-client\\src\\js\\storage\\remove.js","statementMap":{"0":{"start":{"line":1,"column":22},"end":{"line":1,"column":59}},"1":{"start":{"line":1,"column":31},"end":{"line":1,"column":59}}},"fnMap":{"0":{"name":"(anonymous_0)","decl":{"start":{"line":1,"column":22},"end":{"line":1,"column":23}},"loc":{"start":{"line":1,"column":31},"end":{"line":1,"column":59}},"line":1}},"branchMap":{},"s":{"0":1,"1":0},"f":{"0":0},"b":{},"_coverageSchema":"1a1c01bbd47fc00a2c39e90264f33305004495a9","hash":"5391e1f9ac4946dbac18b11a91258ca0255d3682"}
,"C:\\Users\\gydal\\OneDrive\\Dokumenter\\social-media-client\\src\\js\\storage\\save.js": {"path":"C:\\Users\\gydal\\OneDrive\\Dokumenter\\social-media-client\\src\\js\\storage\\save.js","statementMap":{"0":{"start":{"line":1,"column":20},"end":{"line":3,"column":1}},"1":{"start":{"line":2,"column":2},"end":{"line":2,"column":51}}},"fnMap":{"0":{"name":"(anonymous_0)","decl":{"start":{"line":1,"column":20},"end":{"line":1,"column":21}},"loc":{"start":{"line":1,"column":36},"end":{"line":3,"column":1}},"line":1}},"branchMap":{},"s":{"0":1,"1":0},"f":{"0":0},"b":{},"_coverageSchema":"1a1c01bbd47fc00a2c39e90264f33305004495a9","hash":"a5896f30b70a713fdc9c1ff9c70191832d78e0f8"}
}
